2025-12-07 13:51:14,607 - INFO - [User: 系统] - 系统启动
2025-12-07 13:51:15,166 - INFO - [User: 系统] - 系统启动
2025-12-07 13:53:23,067 - INFO - [User: 系统] - 系统启动
2025-12-07 13:53:23,602 - INFO - [User: 系统] - 系统启动
2025-12-07 13:53:34,205 - INFO - [User: ID: 1, 学号: admin, 姓名: 系统管理员, 角色: admin] - 用户登录成功
2025-12-07 13:53:45,609 - INFO - [User: ID: 1, 姓名: 系统管理员] - 发布公告: 1
2025-12-07 13:54:09,550 - INFO - [User: ID: 1, 姓名: 系统管理员] - 添加宿舍: D栋-101
2025-12-07 13:54:20,550 - INFO - [User: ID: 2, 学号: 1, 姓名: 2] - 用户注册成功
2025-12-07 13:54:25,911 - INFO - [User: ID: 2, 学号: 1, 姓名: 2, 角色: student] - 用户登录成功
2025-12-07 13:54:29,987 - INFO - [User: ID: 2, 姓名: 2, 申请宿舍ID: 7] - 宿舍申请提交成功
2025-12-07 13:54:40,360 - INFO - [User: ID: 2, 学号: 1] - 提交反馈: 1
2025-12-07 13:54:50,549 - INFO - [User: ID: 1, 学号: admin, 姓名: 系统管理员, 角色: admin] - 用户登录成功
2025-12-07 13:54:55,263 - INFO - [User: ID: 1, 姓名: 系统管理员] - 处理申请: 申请ID=1, 操作=批准
2025-12-07 13:55:10,606 - INFO - [User: ID: 1, 姓名: 系统管理员] - 处理反馈: 反馈ID=1
2025-12-07 13:55:40,725 - INFO - [User: ID: 3, 学号: 2, 姓名: 3] - 用户注册成功
2025-12-07 13:55:44,777 - INFO - [User: ID: 3, 学号: 2, 姓名: 3, 角色: student] - 用户登录成功
2025-12-07 13:55:54,801 - INFO - [User: ID: 3, 姓名: 3, 申请宿舍ID: 2] - 宿舍申请提交成功
2025-12-07 13:56:05,418 - INFO - [User: ID: 3, 学号: 2] - 提交反馈: 2
2025-12-07 13:56:13,789 - INFO - [User: ID: 1, 学号: admin, 姓名: 系统管理员, 角色: admin] - 用户登录成功
2025-12-07 13:56:17,841 - INFO - [User: ID: 1, 姓名: 系统管理员] - 处理申请: 申请ID=2, 操作=批准
2025-12-07 13:56:31,596 - INFO - [User: ID: 1, 姓名: 系统管理员] - 处理反馈: 反馈ID=2
2025-12-07 14:41:29,767 - INFO - [User: 系统] - 系统启动
2025-12-07 14:41:30,432 - INFO - [User: 系统] - 系统启动
2025-12-07 14:42:31,358 - INFO - [User: ID: 1, 学号: admin, 姓名: 系统管理员, 角色: admin] - 用户登录成功
2025-12-07 14:42:40,187 - INFO - [User: ID: 1, 姓名: 系统管理员] - 发布公告: 1
2025-12-07 14:43:07,290 - INFO - [User: ID: 2, 学号: 1, 姓名: 1] - 用户注册成功
2025-12-07 14:43:12,316 - INFO - [User: ID: 2, 学号: 1, 姓名: 1, 角色: student] - 用户登录成功
2025-12-07 14:43:16,576 - INFO - [User: ID: 2, 姓名: 1, 申请宿舍ID: 2] - 宿舍申请提交成功
2025-12-07 14:43:24,778 - INFO - [User: ID: 2, 学号: 1] - 提交反馈: 1
2025-12-07 14:43:33,658 - INFO - [User: ID: 1, 学号: admin, 姓名: 系统管理员, 角色: admin] - 用户登录成功
2025-12-07 14:43:39,365 - INFO - [User: ID: 1, 姓名: 系统管理员] - 处理申请: 申请ID=1, 操作=批准
2025-12-07 14:43:46,391 - INFO - [User: ID: 1, 姓名: 系统管理员] - 处理反馈: 反馈ID=1
2025-12-07 14:44:08,444 - INFO - [User: ID: 1, 姓名: 系统管理员] - 管理员强制退宿: 学生ID: 2, 姓名: 1, 学号: 1, 原宿舍: A栋-102
2025-12-07 15:26:54,626 - INFO - [User: 系统] - 系统启动
2025-12-07 15:26:54,982 - INFO - [User: 系统] - 系统启动
2025-12-07 15:40:29,383 - INFO - [User: 系统] - 系统启动
2025-12-07 15:40:30,023 - INFO - [User: 系统] - 系统启动
2025-12-07 15:40:41,603 - INFO - [User: ID: 1, 学号: admin, 姓名: 系统管理员, 角色: admin] - 用户登录成功
2025-12-07 15:40:57,015 - INFO - [User: ID: 2, 学号: 1, 姓名: 1, 角色: student] - 用户登录成功
2025-12-07 15:41:00,995 - INFO - [User: ID: 2, 姓名: 1, 申请宿舍ID: 5] - 宿舍申请提交成功
2025-12-07 15:41:09,890 - INFO - [User: ID: 1, 学号: admin, 姓名: 系统管理员, 角色: admin] - 用户登录成功
2025-12-07 15:41:14,241 - INFO - [User: ID: 1, 姓名: 系统管理员] - 处理申请: 申请ID=2, 操作=批准
2025-12-07 15:41:22,659 - INFO - [User: ID: 1, 姓名: 系统管理员] - 管理员强制退宿: 学生ID: 2, 姓名: 1, 学号: 1, 原宿舍: B栋-202
2025-12-07 15:45:50,289 - INFO - [User: 系统] - 系统启动
2025-12-07 15:45:51,064 - INFO - [User: 系统] - 系统启动
2025-12-07 15:53:03,911 - INFO - [User: 系统] - 系统启动
2025-12-07 15:53:05,445 - INFO - [User: 系统] - 系统启动
2025-12-07 15:55:01,501 - INFO - [User: ID: 1, 学号: admin, 姓名: 系统管理员, 角色: admin] - 用户登录成功
2025-12-07 15:55:09,538 - INFO - [User: ID: 1, 姓名: 系统管理员] - 发布公告: 1
2025-12-07 15:55:33,460 - INFO - [User: ID: 2, 学号: 1, 姓名: 1] - 用户注册成功
2025-12-07 15:55:39,224 - INFO - [User: ID: 2, 学号: 1, 姓名: 1, 角色: student] - 用户登录成功
2025-12-07 15:55:42,714 - INFO - [User: ID: 2, 姓名: 1, 申请宿舍ID: 2] - 宿舍申请提交成功
2025-12-07 15:55:50,489 - INFO - [User: ID: 1, 学号: admin, 姓名: 系统管理员, 角色: admin] - 用户登录成功
2025-12-07 15:55:54,780 - INFO - [User: ID: 1, 姓名: 系统管理员] - 处理申请: 申请ID=1, 操作=批准
2025-12-07 15:57:16,079 - INFO - [User: ID: 1, 姓名: 系统管理员] - 管理员强制退宿: 学生ID: 2, 姓名: 1, 学号: 1, 原宿舍: A栋-102
2025-12-07 15:57:51,042 - INFO - [User: 系统] - 系统启动
2025-12-07 15:57:51,558 - INFO - [User: 系统] - 系统启动
2025-12-07 16:00:20,867 - INFO - [User: ID: 1, 学号: admin, 姓名: 系统管理员, 角色: admin] - 用户登录成功
2025-12-07 16:00:29,848 - INFO - [User: ID: 1, 姓名: 系统管理员] - 发布公告: 1
2025-12-07 16:00:42,754 - INFO - [User: ID: 2, 学号: 1, 姓名: 1] - 用户注册成功
2025-12-07 16:00:49,477 - INFO - [User: ID: 2, 学号: 1, 姓名: 1, 角色: student] - 用户登录成功
2025-12-07 16:00:52,093 - INFO - [User: ID: 2, 姓名: 1, 申请宿舍ID: 2] - 宿舍申请提交成功
2025-12-07 16:00:59,030 - INFO - [User: ID: 1, 学号: admin, 姓名: 系统管理员, 角色: admin] - 用户登录成功
2025-12-07 16:01:03,107 - INFO - [User: ID: 1, 姓名: 系统管理员] - 处理申请: 申请ID=1, 操作=批准
2025-12-07 16:01:11,815 - INFO - [User: ID: 1, 姓名: 系统管理员] - 管理员强制退宿: 学生ID: 2, 姓名: 1, 学号: 1, 原宿舍: A栋-102
2025-12-07 16:05:09,824 - INFO - [User: 系统] - 系统启动
2025-12-07 16:05:10,431 - INFO - [User: 系统] - 系统启动
2025-12-07 16:44:45,519 - INFO - [User: ID: 2, 学号: 1, 姓名: 1, 角色: student] - 用户登录成功
2025-12-07 16:49:32,615 - INFO - [User: ID: 2, 学号: 1, 姓名: 1] - 个人信息更新成功
2025-12-07 17:00:20,877 - INFO - [User: ID: 1, 学号: admin, 姓名: 系统管理员, 角色: admin] - 用户登录成功
2025-12-07 17:07:21,812 - INFO - [User: 系统] - 系统启动
2025-12-07 17:07:22,784 - INFO - [User: 系统] - 系统启动
2025-12-07 17:08:17,357 - INFO - [User: ID: 1, 学号: admin, 姓名: 系统管理员, 角色: admin] - 用户登录成功
2025-12-07 17:08:23,180 - INFO - [User: ID: 1, 姓名: 系统管理员] - 发布公告: 1
2025-12-07 17:08:32,015 - INFO - [User: ID: 2, 学号: 1, 姓名: 1] - 用户注册成功
2025-12-07 17:08:33,492 - INFO - [User: ID: 2, 学号: 1, 姓名: 1, 角色: student] - 用户登录成功
2025-12-07 17:08:35,834 - INFO - [User: ID: 2, 姓名: 1, 申请宿舍ID: 6] - 宿舍申请提交成功
2025-12-07 17:08:56,173 - INFO - [User: ID: 1, 学号: admin, 姓名: 系统管理员, 角色: admin] - 用户登录成功
2025-12-07 17:08:59,734 - INFO - [User: ID: 1, 姓名: 系统管理员] - 处理申请: 申请ID=1, 操作=批准
2025-12-07 17:09:07,199 - INFO - [User: ID: 1, 姓名: 系统管理员] - 管理员强制退宿: 学生ID: 2, 姓名: 1, 学号: 1, 原宿舍: C栋-301
2025-12-07 17:09:16,267 - INFO - [User: ID: 2, 学号: 1, 姓名: 1, 角色: student] - 用户登录成功
2025-12-07 17:09:25,217 - INFO - [User: ID: 2, 姓名: 1, 申请宿舍ID: 6] - 宿舍申请提交成功
2025-12-07 17:09:33,361 - INFO - [User: ID: 1, 学号: admin, 姓名: 系统管理员, 角色: admin] - 用户登录成功
2025-12-07 17:09:36,416 - INFO - [User: ID: 1, 姓名: 系统管理员] - 处理申请: 申请ID=2, 操作=批准
2025-12-07 17:09:42,871 - INFO - [User: ID: 2, 学号: 1, 姓名: 1, 角色: student] - 用户登录成功
2025-12-07 17:09:49,300 - INFO - [User: ID: 2, 姓名: 1, 原宿舍: C栋-301] - 学生退宿成功
2025-12-07 17:09:59,577 - INFO - [User: ID: 1, 学号: admin, 姓名: 系统管理员, 角色: admin] - 用户登录成功
2025-12-07 17:10:09,419 - INFO - [User: ID: 2, 学号: 1, 姓名: 1, 角色: student] - 用户登录成功
2025-12-07 17:10:11,908 - INFO - [User: ID: 2, 姓名: 1, 申请宿舍ID: 2] - 宿舍申请提交成功
2025-12-07 17:16:10,185 - INFO - [User: 系统] - 系统启动
2025-12-07 17:16:10,924 - INFO - [User: 系统] - 系统启动
2025-12-07 17:17:48,458 - INFO - [User: ID: 2, 学号: 1, 姓名: 1] - 用户注册成功
2025-12-07 17:45:09,649 - INFO - [User: 系统] - 系统启动
2025-12-07 17:45:10,183 - INFO - [User: 系统] - 系统启动
2025-12-07 17:46:08,434 - INFO - [User: ID: 1, 学号: admin, 姓名: 系统管理员, 角色: admin] - 用户登录成功
2025-12-07 17:49:04,758 - INFO - [User: ID: 2, 学号: 1, 姓名: 1, 角色: student] - 用户登录成功
2025-12-07 17:49:13,028 - INFO - [User: ID: 2, 学号: 1, 姓名: 1] - 个人信息更新成功
2025-12-07 17:53:01,971 - INFO - [User: ID: 2, 姓名: 1, 申请宿舍ID: 2] - 宿舍申请提交成功
2025-12-07 17:53:54,208 - INFO - [User: ID: 1, 学号: admin, 姓名: 系统管理员, 角色: admin] - 用户登录成功
2025-12-07 17:53:58,127 - INFO - [User: ID: 1, 姓名: 系统管理员] - 处理申请: 申请ID=1, 操作=批准
2025-12-07 17:55:26,025 - INFO - [User: ID: 1, 姓名: 系统管理员] - 管理员强制退宿: 学生ID: 2, 姓名: 1, 学号: 1, 原宿舍: A栋-102
2025-12-07 17:55:33,650 - INFO - [User: ID: 2, 学号: 1, 姓名: 1, 角色: student] - 用户登录成功
2025-12-07 20:30:08,750 - INFO - [User: ID: 2, 姓名: 1, 申请宿舍ID: 5] - 宿舍申请提交成功
2025-12-07 20:43:16,473 - INFO - [User: ID: 1, 学号: admin, 姓名: 系统管理员, 角色: admin] - 用户登录成功
2025-12-07 20:43:57,896 - INFO - [User: ID: 1, 姓名: 系统管理员] - 处理申请: 申请ID=2, 操作=批准
2025-12-07 20:49:07,590 - INFO - [User: ID: 2, 学号: 1, 姓名: 1, 角色: student] - 用户登录成功
2025-12-07 20:54:56,157 - INFO - [User: ID: 1, 学号: admin, 姓名: 系统管理员, 角色: admin] - 用户登录成功
2025-12-07 20:55:48,205 - INFO - [User: ID: 1, 姓名: 系统管理员] - 发布公告: 1
2025-12-07 20:56:29,597 - INFO - [User: ID: 1, 姓名: 系统管理员] - 更新公告: ID=1, 标题=1
2025-12-07 20:57:10,795 - INFO - [User: ID: 1, 姓名: 系统管理员] - 删除公告: 1 (ID=1)
2025-12-07 20:59:21,522 - INFO - [User: ID: 1, 学号: admin, 姓名: 系统管理员] - 用户登出
2025-12-07 20:59:23,990 - INFO - [User: ID: 2, 学号: 1, 姓名: 1, 角色: student] - 用户登录成功
2025-12-07 20:59:53,577 - INFO - [User: ID: 2, 学号: 1] - 提交反馈: 1
2025-12-07 21:00:00,191 - INFO - [User: ID: 1, 学号: admin, 姓名: 系统管理员, 角色: admin] - 用户登录成功
2025-12-07 21:18:21,470 - INFO - [User: ID: 2, 学号: 1, 姓名: 1, 角色: student] - 用户登录成功
2025-12-07 21:19:55,001 - INFO - [User: ID: 1, 学号: admin, 姓名: 系统管理员, 角色: admin] - 用户登录成功
2025-12-07 21:21:09,767 - INFO - [User: ID: 1, 姓名: 系统管理员] - 处理反馈: 反馈ID=1
2025-12-07 21:56:06,133 - INFO - [User: 系统] - 系统启动
2025-12-07 21:56:06,873 - INFO - [User: 系统] - 系统启动
2025-12-07 22:03:48,081 - INFO - [User: ID: 2, 学号: 1, 姓名: 小小] - 用户注册成功
2025-12-07 22:03:49,923 - INFO - [User: ID: 2, 学号: 1, 姓名: 小小, 角色: student] - 用户登录成功
2025-12-07 22:04:00,213 - INFO - [User: ID: 1, 学号: admin, 姓名: 系统管理员, 角色: admin] - 用户登录成功
2025-12-07 22:08:51,357 - INFO - [User: ID: 2, 学号: 1, 姓名: 小小, 角色: student] - 用户登录成功
2025-12-07 22:14:19,236 - INFO - [User: 系统] - 系统启动
2025-12-07 22:14:19,598 - INFO - [User: 系统] - 系统启动
2025-12-07 22:39:17,855 - INFO - [User: ID: 2, 学号: 2021102146, 姓名: 小小] - 用户注册成功
2025-12-07 22:52:49,228 - INFO - [User: ID: 2, 学号: 2021102146, 姓名: 小小, 角色: student] - 用户登录成功
2025-12-07 22:55:11,172 - INFO - [User: 系统] - 系统启动
2025-12-07 22:55:12,258 - INFO - [User: 系统] - 系统启动
2025-12-07 22:56:21,090 - INFO - [User: ID: 2, 学号: 2021102146, 姓名: 小小] - 用户注册成功
2025-12-07 22:56:32,259 - INFO - [User: ID: 2, 学号: 2021102146, 姓名: 小小, 角色: student] - 用户登录成功
2025-12-07 22:56:36,089 - INFO - [User: ID: 2, 姓名: 小小, 申请宿舍ID: 2] - 宿舍申请提交成功
2025-12-07 22:56:44,459 - INFO - [User: ID: 1, 学号: admin, 姓名: 系统管理员, 角色: admin] - 用户登录成功
2025-12-07 22:56:47,197 - INFO - [User: ID: 1, 姓名: 系统管理员] - 处理申请: 申请ID=1, 操作=批准
2025-12-07 22:56:51,490 - INFO - [User: ID: 1, 姓名: 系统管理员] - 管理员强制退宿: 学生ID: 2, 姓名: 小小, 学号: 2021102146, 原宿舍: A栋-102
2025-12-08 10:34:17,551 - INFO - [User: 系统] - 系统启动
2025-12-08 10:34:18,066 - INFO - [User: 系统] - 系统启动
2025-12-08 10:34:37,737 - INFO - [User: ID: 2, 学号: 2021102146, 姓名: 小小] - 用户注册成功
2025-12-08 10:34:43,297 - INFO - [User: ID: 2, 学号: 2021102146, 姓名: 小小, 角色: student] - 用户登录成功
2025-12-08 10:40:35,211 - INFO - [User: ID: 2, 学号: 2021102146, 姓名: 小小] - 个人信息更新成功
2025-12-08 10:43:49,776 - INFO - [User: ID: 2, 姓名: 小小] - 密码修改成功
2025-12-08 10:45:49,353 - INFO - [User: ID: 1, 学号: admin, 姓名: 系统管理员, 角色: admin] - 用户登录成功
2025-12-08 10:49:57,795 - INFO - [User: ID: 1, 姓名: 系统管理员] - 添加宿舍: D栋-304
2025-12-08 10:53:43,762 - INFO - [User: ID: 2, 学号: 2021102146, 姓名: 小小, 角色: student] - 用户登录成功
2025-12-08 10:57:26,171 - INFO - [User: ID: 2, 姓名: 小小, 申请宿舍ID: 6] - 宿舍申请提交成功
2025-12-08 10:59:00,982 - INFO - [User: ID: 1, 学号: admin, 姓名: 系统管理员, 角色: admin] - 用户登录成功
2025-12-08 11:01:18,509 - INFO - [User: ID: 1, 姓名: 系统管理员] - 处理申请: 申请ID=1, 操作=批准
2025-12-08 11:15:05,624 - INFO - [User: ID: 1, 姓名: 系统管理员] - 管理员强制退宿: 学生ID: 2, 姓名: 小小, 学号: 2021102146, 原宿舍: C栋-301
2025-12-08 11:16:58,107 - INFO - [User: ID: 2, 学号: 2021102146, 姓名: 小小, 角色: student] - 用户登录成功
2025-12-08 11:17:08,519 - INFO - [User: ID: 2, 姓名: 小小, 申请宿舍ID: 7] - 宿舍申请提交成功
2025-12-08 11:17:14,990 - INFO - [User: ID: 1, 学号: admin, 姓名: 系统管理员, 角色: admin] - 用户登录成功
2025-12-08 11:17:18,409 - INFO - [User: ID: 1, 姓名: 系统管理员] - 处理申请: 申请ID=2, 操作=批准
2025-12-08 11:17:28,162 - INFO - [User: ID: 2, 学号: 2021102146, 姓名: 小小, 角色: student] - 用户登录成功
2025-12-08 11:18:54,705 - INFO - [User: ID: 2, 姓名: 小小, 原宿舍: D栋-304] - 学生退宿成功
2025-12-08 11:20:07,703 - INFO - [User: ID: 1, 学号: admin, 姓名: 系统管理员, 角色: admin] - 用户登录成功
2025-12-08 11:28:13,502 - INFO - [User: ID: 1, 姓名: 系统管理员] - 发布公告: 欢迎新生
2025-12-08 11:31:48,737 - INFO - [User: ID: 1, 姓名: 系统管理员] - 更新公告: ID=1, 标题=欢迎新生
2025-12-08 11:31:54,846 - INFO - [User: ID: 2, 学号: 2021102146, 姓名: 小小, 角色: student] - 用户登录成功
2025-12-08 11:33:45,025 - INFO - [User: ID: 1, 学号: admin, 姓名: 系统管理员, 角色: admin] - 用户登录成功
2025-12-08 11:34:57,360 - INFO - [User: ID: 1, 姓名: 系统管理员] - 删除公告: 欢迎新生 (ID=1)
2025-12-08 11:36:27,870 - INFO - [User: ID: 2, 学号: 2021102146, 姓名: 小小, 角色: student] - 用户登录成功
2025-12-08 11:40:35,407 - INFO - [User: ID: 2, 学号: 2021102146] - 提交反馈: 施工严重影响睡眠
2025-12-08 11:41:58,063 - INFO - [User: ID: 1, 学号: admin, 姓名: 系统管理员, 角色: admin] - 用户登录成功
2025-12-08 11:43:37,347 - INFO - [User: ID: 1, 姓名: 系统管理员] - 处理反馈: 反馈ID=1
2025-12-10 22:53:04,804 - INFO - [User: 系统] - 系统启动
2025-12-10 22:53:05,593 - INFO - [User: 系统] - 系统启动
2025-12-15 11:44:10,553 - INFO - [User: 系统] - 系统启动
2025-12-15 11:44:11,052 - INFO - [User: 系统] - 系统启动
2025-12-15 11:44:22,049 - INFO - [User: ID: 1, 学号: admin, 姓名: 系统管理员, 角色: admin] - 用户登录成功
2025-12-15 11:44:57,835 - INFO - [User: ID: 1, 姓名: 系统管理员] - 发布公告: 欢迎新生
2025-12-15 11:45:08,891 - INFO - [User: ID: 2, 学号: 2021102146, 姓名: 小小] - 用户注册成功
2025-12-15 11:45:12,191 - INFO - [User: ID: 2, 学号: 2021102146, 姓名: 小小, 角色: student] - 用户登录成功
2025-12-15 11:52:39,093 - INFO - [User: 系统] - 系统启动
2025-12-15 11:52:39,575 - INFO - [User: 系统] - 系统启动
